<?xml version="1.0" encoding="UTF-8"?>
<!-- Generated by org.testng.reporters.JUnitXMLReporter -->
<testsuite ignored="0" hostname="DESKTOP-HB18O22" failures="1" tests="29" name="Goya Full Test Suite" time="696.75" errors="0" timestamp="03 May 2019 14:09:01 GMT">
  <testcase classname="com.triveniit.goya.qa.testscripts.HomePageTestNG" name="checkBrokenLinks" time="0.002"/>
  <testcase classname="com.triveniit.goya.qa.testscripts.HomePageTestNG" name="smartOrderNotEnabledWithoutCustomer" time="1.107"/>
  <testcase classname="com.triveniit.goya.qa.testscripts.CreateOrder" name="addProgramTypePromoToOrder" time="21.884">
    <failure type="org.openqa.selenium.NoSuchElementException" message="no such element: Unable to locate element: {&amp;quot;method&amp;quot;:&amp;quot;xpath&amp;quot;,&amp;quot;selector&amp;quot;:&amp;quot;//*[@class=&amp;apos;col-md-8 newpad ng-binding&amp;apos;][contains(text(),&amp;apos;25&amp;apos;)]&amp;quot;}
  (Session info: chrome=73.0.3683.103)
  (Driver info: chromedriver=2.46.628402 (536cd7adbad73a3783fdc2cab92ab2ba7ec361e1),platform=Windows NT 10.0.17134 x86_64) (WARNING: The server did not provide any stacktrace information)
Command duration or timeout: 0 milliseconds
For documentation on this error, please visit: https://www.seleniumhq.org/exceptions/no_such_element.html
Build info: version: &amp;apos;3.141.59&amp;apos;, revision: &amp;apos;e82be7d358&amp;apos;, time: &amp;apos;2018-11-14T08:17:03&amp;apos;
System info: host: &amp;apos;DESKTOP-HB18O22&amp;apos;, ip: &amp;apos;192.168.1.225&amp;apos;, os.name: &amp;apos;Windows 10&amp;apos;, os.arch: &amp;apos;amd64&amp;apos;, os.version: &amp;apos;10.0&amp;apos;, java.version: &amp;apos;11.0.2&amp;apos;
Driver info: org.openqa.selenium.chrome.ChromeDriver
Capabilities {acceptInsecureCerts: false, acceptSslCerts: false, applicationCacheEnabled: false, browserConnectionEnabled: false, browserName: chrome, chrome: {chromedriverVersion: 2.46.628402 (536cd7adbad73a..., userDataDir: C:\Users\STEVEE~1\AppData\L...}, cssSelectorsEnabled: true, databaseEnabled: false, goog:chromeOptions: {debuggerAddress: localhost:50521}, handlesAlerts: true, hasTouchScreen: false, javascriptEnabled: true, locationContextEnabled: true, mobileEmulationEnabled: false, nativeEvents: true, networkConnectionEnabled: false, pageLoadStrategy: normal, platform: XP, platformName: XP, proxy: Proxy(), rotatable: false, setWindowRect: true, strictFileInteractability: false, takesHeapSnapshot: true, takesScreenshot: true, timeouts: {implicit: 0, pageLoad: 300000, script: 30000}, unexpectedAlertBehaviour: ignore, unhandledPromptBehavior: ignore, version: 73.0.3683.103, webStorageEnabled: true}
Session ID: 970aa7ffd3aa8e1c0253b6c51658ab15
*** Element info: {Using=xpath, value=//*[@class=&amp;apos;col-md-8 newpad ng-binding&amp;apos;][contains(text(),&amp;apos;25&amp;apos;)]}">
      <![CDATA[org.openqa.selenium.NoSuchElementException: no such element: Unable to locate element: {"method":"xpath","selector":"//*[@class='col-md-8 newpad ng-binding'][contains(text(),'25')]"}
  (Session info: chrome=73.0.3683.103)
  (Driver info: chromedriver=2.46.628402 (536cd7adbad73a3783fdc2cab92ab2ba7ec361e1),platform=Windows NT 10.0.17134 x86_64) (WARNING: The server did not provide any stacktrace information)
Command duration or timeout: 0 milliseconds
For documentation on this error, please visit: https://www.seleniumhq.org/exceptions/no_such_element.html
Build info: version: '3.141.59', revision: 'e82be7d358', time: '2018-11-14T08:17:03'
System info: host: 'DESKTOP-HB18O22', ip: '192.168.1.225', os.name: 'Windows 10', os.arch: 'amd64', os.version: '10.0', java.version: '11.0.2'
Driver info: org.openqa.selenium.chrome.ChromeDriver
Capabilities {acceptInsecureCerts: false, acceptSslCerts: false, applicationCacheEnabled: false, browserConnectionEnabled: false, browserName: chrome, chrome: {chromedriverVersion: 2.46.628402 (536cd7adbad73a..., userDataDir: C:\Users\STEVEE~1\AppData\L...}, cssSelectorsEnabled: true, databaseEnabled: false, goog:chromeOptions: {debuggerAddress: localhost:50521}, handlesAlerts: true, hasTouchScreen: false, javascriptEnabled: true, locationContextEnabled: true, mobileEmulationEnabled: false, nativeEvents: true, networkConnectionEnabled: false, pageLoadStrategy: normal, platform: XP, platformName: XP, proxy: Proxy(), rotatable: false, setWindowRect: true, strictFileInteractability: false, takesHeapSnapshot: true, takesScreenshot: true, timeouts: {implicit: 0, pageLoad: 300000, script: 30000}, unexpectedAlertBehaviour: ignore, unhandledPromptBehavior: ignore, version: 73.0.3683.103, webStorageEnabled: true}
Session ID: 970aa7ffd3aa8e1c0253b6c51658ab15
*** Element info: {Using=xpath, value=//*[@class='col-md-8 newpad ng-binding'][contains(text(),'25')]}
at org.openqa.selenium.remote.ErrorHandler.createThrowable(ErrorHandler.java:214)
at org.openqa.selenium.remote.ErrorHandler.throwIfResponseFailed(ErrorHandler.java:166)
at org.openqa.selenium.remote.http.JsonHttpResponseCodec.reconstructValue(JsonHttpResponseCodec.java:40)
at org.openqa.selenium.remote.http.AbstractHttpResponseCodec.decode(AbstractHttpResponseCodec.java:80)
at org.openqa.selenium.remote.http.AbstractHttpResponseCodec.decode(AbstractHttpResponseCodec.java:44)
at org.openqa.selenium.remote.HttpCommandExecutor.execute(HttpCommandExecutor.java:158)
at org.openqa.selenium.remote.service.DriverCommandExecutor.execute(DriverCommandExecutor.java:83)
at org.openqa.selenium.remote.RemoteWebDriver.execute(RemoteWebDriver.java:552)
at org.openqa.selenium.remote.RemoteWebDriver.findElement(RemoteWebDriver.java:323)
at org.openqa.selenium.remote.RemoteWebDriver.findElementByXPath(RemoteWebDriver.java:428)
at org.openqa.selenium.By$ByXPath.findElement(By.java:353)
at org.openqa.selenium.remote.RemoteWebDriver.findElement(RemoteWebDriver.java:315)
at org.openqa.selenium.support.pagefactory.DefaultElementLocator.findElement(DefaultElementLocator.java:69)
at org.openqa.selenium.support.pagefactory.internal.LocatingElementHandler.invoke(LocatingElementHandler.java:38)
at com.sun.proxy.$Proxy14.getText(Unknown Source)
at com.triveniit.goya.qa.framework.pages.CreateOrderPage.confirmPromoAdded(CreateOrderPage.java:228)
at com.triveniit.goya.qa.testscripts.CreateOrder.addProgramTypePromoToOrder(CreateOrder.java:135)
... Removed 33 stack frames]]>
    </failure>
  </testcase> <!-- addProgramTypePromoToOrder -->
  <testcase classname="com.triveniit.goya.qa.testscripts.CreateOrder" name="balanceOwedCollect" time="8.288"/>
  <testcase classname="com.triveniit.goya.qa.testscripts.CreateOrder" name="noCustomerSelected" time="10.093"/>
  <testcase classname="com.triveniit.goya.qa.testscripts.CreateOrder" name="userAddsItemToOrder" time="4.659"/>
  <testcase classname="com.triveniit.goya.qa.testscripts.CreateOrder" name="userAddsItemUsingSearchFeature" time="15.629"/>
  <testcase classname="com.triveniit.goya.qa.testscripts.CreateOrder" name="userEntersInvalidUPCForItem" time="5.626"/>
  <testcase classname="com.triveniit.goya.qa.testscripts.CreateOrder" name="userMustAddValidNumberItemCaseQty" time="11.407"/>
  <testcase classname="com.triveniit.goya.qa.testscripts.CreateOrder" name="userSubmitsCustomerOrder" time="9.586"/>
  <testcase classname="com.triveniit.goya.qa.testscripts.CreateOrder" name="verifyCannotSubmitEmptyOrder" time="6.96"/>
  <testcase classname="com.triveniit.goya.qa.testscripts.CreateOrder" name="verifyDeliveryDayNoDeliveryDayCannotMatch" time="6.028"/>
  <testcase classname="com.triveniit.goya.qa.testscripts.CreateOrder" name="verifyNoSubmitalWhenAllItemsDeleted" time="19.352"/>
  <testcase classname="com.triveniit.goya.qa.testscripts.CreateOrder" name="verifyUnder$200DeliverySurcharge" time="7.639"/>
  <testcase classname="com.triveniit.goya.qa.testscripts.SmartOrderTest" name="addItemByTextQty" time="4.062"/>
  <testcase classname="com.triveniit.goya.qa.testscripts.SmartOrderTest" name="addOneItemToOrder" time="4.738"/>
  <testcase classname="com.triveniit.goya.qa.testscripts.SmartOrderTest" name="addTwoDifferentItemsDiffQty" time="7.502"/>
  <testcase classname="com.triveniit.goya.qa.testscripts.SmartOrderTest" name="deletingItemUsingQtyButton" time="6.82"/>
  <testcase classname="com.triveniit.goya.qa.testscripts.SmartOrderTest" name="deletingItemfromCart" time="6.926"/>
  <testcase classname="com.triveniit.goya.qa.testscripts.SmartOrderTest" name="verifyCorrectCustomerInfo" time="0.547"/>
  <testcase classname="com.triveniit.goya.qa.testscripts.SmartOrderTest" name="verifyCorrectItemInCart" time="2.695"/>
  <testcase classname="com.triveniit.goya.qa.testscripts.SmartOrderTest" name="verifyDeliveryChargeAlert" time="5.103"/>
  <testcase classname="com.triveniit.goya.qa.testscripts.SmartOrderTest" name="verifyMinusKeyCannotInputNeg" time="1.561"/>
  <testcase classname="com.triveniit.goya.qa.testscripts.SmartOrderTest" name="verifyMinusKeyDisabledAfterDeletingAllItemsFromCart" time="2.115"/>
  <testcase classname="com.triveniit.goya.qa.testscripts.SmartOrderTest" name="verifyMinusKeyDisabledWhenLandingOnSmartOrderPage" time="1.028"/>
  <testcase classname="com.triveniit.goya.qa.testscripts.SmartOrderTest" name="verifySubmitOrderButtonDisableWhenCartEmpty" time="3.925"/>
  <testcase classname="com.triveniit.goya.qa.testscripts.SmartOrderTest" name="verifySubmitOrderButtonDisableWhenLandingOnSOPage" time="0.927"/>
  <testcase classname="com.triveniit.goya.qa.testscripts.SmartOrderTest" name="verifySwitchCustAlert" time="2.412"/>
  <testcase classname="com.triveniit.goya.qa.testscripts.SmartOrderTest" name="verifyUserCanSubmitOrder" time="7.077"/>
</testsuite> <!-- Goya Full Test Suite -->
