<html>
<head>
<title>TestNG:  Goya Full Test Suite</title>
<link href="../testng.css" rel="stylesheet" type="text/css" />
<link href="../my-testng.css" rel="stylesheet" type="text/css" />

<style type="text/css">
.log { display: none;} 
.stack-trace { display: none;} 
</style>
<script type="text/javascript">
<!--
function flip(e) {
  current = e.style.display;
  if (current == 'block') {
    e.style.display = 'none';
    return 0;
  }
  else {
    e.style.display = 'block';
    return 1;
  }
}

function toggleBox(szDivId, elem, msg1, msg2)
{
  var res = -1;  if (document.getElementById) {
    res = flip(document.getElementById(szDivId));
  }
  else if (document.all) {
    // this is the way old msie versions work
    res = flip(document.all[szDivId]);
  }
  if(elem) {
    if(res == 0) elem.innerHTML = msg1; else elem.innerHTML = msg2;
  }

}

function toggleAllBoxes() {
  if (document.getElementsByTagName) {
    d = document.getElementsByTagName('div');
    for (i = 0; i < d.length; i++) {
      if (d[i].className == 'log') {
        flip(d[i]);
      }
    }
  }
}

// -->
</script>

</head>
<body>
<h2 align='center'>Goya Full Test Suite</h2><table border='1' align="center">
<tr>
<td>Tests passed/Failed/Skipped:</td><td>27/2/0</td>
</tr><tr>
<td>Started on:</td><td>Wed May 01 14:35:48 EDT 2019</td>
</tr>
<tr><td>Total time:</td><td>691 seconds (691212 ms)</td>
</tr><tr>
<td>Included groups:</td><td></td>
</tr><tr>
<td>Excluded groups:</td><td></td>
</tr>
</table><p/>
<small><i>(Hover the method name to see the test class name)</i></small><p/>
<table width='100%' border='1' class='invocation-failed'>
<tr><td colspan='4' align='center'><b>FAILED TESTS</b></td></tr>
<tr><td><b>Test method</b></td>
<td width="30%"><b>Exception</b></td>
<td width="10%"><b>Time (seconds)</b></td>
<td><b>Instance</b></td>
</tr>
<tr>
<td title='com.triveniit.goya.qa.testscripts.SmartOrderTest.addItemByTextQty()'><b>addItemByTextQty</b><br>Test class: com.triveniit.goya.qa.testscripts.SmartOrderTest</td>
<td><div><pre>java.lang.AssertionError: 
Expected: a string containing &quot;10&quot;
     but: was &quot;Case Total: 19&quot;
	at org.hamcrest.MatcherAssert.assertThat(MatcherAssert.java:20)
	at org.hamcrest.MatcherAssert.assertThat(MatcherAssert.java:8)
	at com.triveniit.goya.qa.framework.pages.SmartOrderPage.verifyCaseTotal(SmartOrderPage.java:138)
	at com.triveniit.goya.qa.testscripts.SmartOrderTest.addItemByTextQty(SmartOrderTest.java:56)
... Removed 29 stack frames</pre></div><a href='#' onClick='toggleBox("stack-trace2031044915", this, "Click to show all stack frames", "Click to hide stack frames")'>Click to show all stack frames</a>
<div class='stack-trace' id='stack-trace2031044915'><pre>java.lang.AssertionError: 
Expected: a string containing &quot;10&quot;
     but: was &quot;Case Total: 19&quot;
	at org.hamcrest.MatcherAssert.assertThat(MatcherAssert.java:20)
	at org.hamcrest.MatcherAssert.assertThat(MatcherAssert.java:8)
	at com.triveniit.goya.qa.framework.pages.SmartOrderPage.verifyCaseTotal(SmartOrderPage.java:138)
	at com.triveniit.goya.qa.testscripts.SmartOrderTest.addItemByTextQty(SmartOrderTest.java:56)
	at java.base/jdk.internal.reflect.NativeMethodAccessorImpl.invoke0(Native Method)
	at java.base/jdk.internal.reflect.NativeMethodAccessorImpl.invoke(NativeMethodAccessorImpl.java:62)
	at java.base/jdk.internal.reflect.DelegatingMethodAccessorImpl.invoke(DelegatingMethodAccessorImpl.java:43)
	at java.base/java.lang.reflect.Method.invoke(Method.java:566)
	at org.testng.internal.MethodInvocationHelper.invokeMethod(MethodInvocationHelper.java:124)
	at org.testng.internal.Invoker.invokeMethod(Invoker.java:583)
	at org.testng.internal.Invoker.invokeTestMethod(Invoker.java:719)
	at org.testng.internal.Invoker.invokeTestMethods(Invoker.java:989)
	at org.testng.internal.TestMethodWorker.invokeTestMethods(TestMethodWorker.java:125)
	at org.testng.internal.TestMethodWorker.run(TestMethodWorker.java:109)
	at org.testng.TestRunner.privateRun(TestRunner.java:648)
	at org.testng.TestRunner.run(TestRunner.java:505)
	at org.testng.SuiteRunner.runTest(SuiteRunner.java:455)
	at org.testng.SuiteRunner.runSequentially(SuiteRunner.java:450)
	at org.testng.SuiteRunner.privateRun(SuiteRunner.java:415)
	at org.testng.SuiteRunner.run(SuiteRunner.java:364)
	at org.testng.SuiteRunnerWorker.runSuite(SuiteRunnerWorker.java:52)
	at org.testng.SuiteRunnerWorker.run(SuiteRunnerWorker.java:84)
	at org.testng.TestNG.runSuitesSequentially(TestNG.java:1208)
	at org.testng.TestNG.runSuitesLocally(TestNG.java:1137)
	at org.testng.TestNG.runSuites(TestNG.java:1049)
	at org.testng.TestNG.run(TestNG.java:1017)
	at org.apache.maven.surefire.testng.TestNGExecutor.run(TestNGExecutor.java:283)
	at org.apache.maven.surefire.testng.TestNGXmlTestSuite.execute(TestNGXmlTestSuite.java:75)
	at org.apache.maven.surefire.testng.TestNGProvider.invoke(TestNGProvider.java:120)
	at org.apache.maven.surefire.booter.ForkedBooter.invokeProviderInSameClassLoader(ForkedBooter.java:383)
	at org.apache.maven.surefire.booter.ForkedBooter.runSuitesInProcess(ForkedBooter.java:344)
	at org.apache.maven.surefire.booter.ForkedBooter.execute(ForkedBooter.java:125)
	at org.apache.maven.surefire.booter.ForkedBooter.main(ForkedBooter.java:417)
</pre></div></td>
<td>3</td>
<td>com.triveniit.goya.qa.testscripts.SmartOrderTest@781e7326</td></tr>
<tr>
<td title='com.triveniit.goya.qa.testscripts.CreateOrder.addProgramTypePromoToOrder()'><b>addProgramTypePromoToOrder</b><br>Test class: com.triveniit.goya.qa.testscripts.CreateOrder</td>
<td><div><pre>org.openqa.selenium.NoSuchElementException: no such element: Unable to locate element: {&quot;method&quot;:&quot;xpath&quot;,&quot;selector&quot;:&quot;//*[@class=&apos;col-md-8 newpad ng-binding&apos;][contains(text(),&apos;25&apos;)]&quot;}
  (Session info: chrome=73.0.3683.103)
  (Driver info: chromedriver=2.46.628402 (536cd7adbad73a3783fdc2cab92ab2ba7ec361e1),platform=Windows NT 10.0.17134 x86_64) (WARNING: The server did not provide any stacktrace information)
Command duration or timeout: 0 milliseconds
For documentation on this error, please visit: https://www.seleniumhq.org/exceptions/no_such_element.html
Build info: version: &apos;3.141.59&apos;, revision: &apos;e82be7d358&apos;, time: &apos;2018-11-14T08:17:03&apos;
System info: host: &apos;DESKTOP-HB18O22&apos;, ip: &apos;192.168.1.225&apos;, os.name: &apos;Windows 10&apos;, os.arch: &apos;amd64&apos;, os.version: &apos;10.0&apos;, java.version: &apos;11.0.2&apos;
Driver info: org.openqa.selenium.chrome.ChromeDriver
Capabilities {acceptInsecureCerts: false, acceptSslCerts: false, applicationCacheEnabled: false, browserConnectionEnabled: false, browserName: chrome, chrome: {chromedriverVersion: 2.46.628402 (536cd7adbad73a..., userDataDir: C:\Users\STEVEE~1\AppData\L...}, cssSelectorsEnabled: true, databaseEnabled: false, goog:chromeOptions: {debuggerAddress: localhost:63254}, handlesAlerts: true, hasTouchScreen: false, javascriptEnabled: true, locationContextEnabled: true, mobileEmulationEnabled: false, nativeEvents: true, networkConnectionEnabled: false, pageLoadStrategy: normal, platform: XP, platformName: XP, proxy: Proxy(), rotatable: false, setWindowRect: true, strictFileInteractability: false, takesHeapSnapshot: true, takesScreenshot: true, timeouts: {implicit: 0, pageLoad: 300000, script: 30000}, unexpectedAlertBehaviour: ignore, unhandledPromptBehavior: ignore, version: 73.0.3683.103, webStorageEnabled: true}
Session ID: 6d03a9be763e5270692b985299e95566
*** Element info: {Using=xpath, value=//*[@class=&apos;col-md-8 newpad ng-binding&apos;][contains(text(),&apos;25&apos;)]}
	at org.openqa.selenium.remote.ErrorHandler.createThrowable(ErrorHandler.java:214)
	at org.openqa.selenium.remote.ErrorHandler.throwIfResponseFailed(ErrorHandler.java:166)
	at org.openqa.selenium.remote.http.JsonHttpResponseCodec.reconstructValue(JsonHttpResponseCodec.java:40)
	at org.openqa.selenium.remote.http.AbstractHttpResponseCodec.decode(AbstractHttpResponseCodec.java:80)
	at org.openqa.selenium.remote.http.AbstractHttpResponseCodec.decode(AbstractHttpResponseCodec.java:44)
	at org.openqa.selenium.remote.HttpCommandExecutor.execute(HttpCommandExecutor.java:158)
	at org.openqa.selenium.remote.service.DriverCommandExecutor.execute(DriverCommandExecutor.java:83)
	at org.openqa.selenium.remote.RemoteWebDriver.execute(RemoteWebDriver.java:552)
	at org.openqa.selenium.remote.RemoteWebDriver.findElement(RemoteWebDriver.java:323)
	at org.openqa.selenium.remote.RemoteWebDriver.findElementByXPath(RemoteWebDriver.java:428)
	at org.openqa.selenium.By$ByXPath.findElement(By.java:353)
	at org.openqa.selenium.remote.RemoteWebDriver.findElement(RemoteWebDriver.java:315)
	at org.openqa.selenium.support.pagefactory.DefaultElementLocator.findElement(DefaultElementLocator.java:69)
	at org.openqa.selenium.support.pagefactory.internal.LocatingElementHandler.invoke(LocatingElementHandler.java:38)
	at com.sun.proxy.$Proxy14.getText(Unknown Source)
	at com.triveniit.goya.qa.framework.pages.CreateOrderPage.confirmPromoAdded(CreateOrderPage.java:228)
	at com.triveniit.goya.qa.testscripts.CreateOrder.addProgramTypePromoToOrder(CreateOrder.java:135)
... Removed 33 stack frames</pre></div><a href='#' onClick='toggleBox("stack-trace1175662879", this, "Click to show all stack frames", "Click to hide stack frames")'>Click to show all stack frames</a>
<div class='stack-trace' id='stack-trace1175662879'><pre>org.openqa.selenium.NoSuchElementException: no such element: Unable to locate element: {&quot;method&quot;:&quot;xpath&quot;,&quot;selector&quot;:&quot;//*[@class=&apos;col-md-8 newpad ng-binding&apos;][contains(text(),&apos;25&apos;)]&quot;}
  (Session info: chrome=73.0.3683.103)
  (Driver info: chromedriver=2.46.628402 (536cd7adbad73a3783fdc2cab92ab2ba7ec361e1),platform=Windows NT 10.0.17134 x86_64) (WARNING: The server did not provide any stacktrace information)
Command duration or timeout: 0 milliseconds
For documentation on this error, please visit: https://www.seleniumhq.org/exceptions/no_such_element.html
Build info: version: &apos;3.141.59&apos;, revision: &apos;e82be7d358&apos;, time: &apos;2018-11-14T08:17:03&apos;
System info: host: &apos;DESKTOP-HB18O22&apos;, ip: &apos;192.168.1.225&apos;, os.name: &apos;Windows 10&apos;, os.arch: &apos;amd64&apos;, os.version: &apos;10.0&apos;, java.version: &apos;11.0.2&apos;
Driver info: org.openqa.selenium.chrome.ChromeDriver
Capabilities {acceptInsecureCerts: false, acceptSslCerts: false, applicationCacheEnabled: false, browserConnectionEnabled: false, browserName: chrome, chrome: {chromedriverVersion: 2.46.628402 (536cd7adbad73a..., userDataDir: C:\Users\STEVEE~1\AppData\L...}, cssSelectorsEnabled: true, databaseEnabled: false, goog:chromeOptions: {debuggerAddress: localhost:63254}, handlesAlerts: true, hasTouchScreen: false, javascriptEnabled: true, locationContextEnabled: true, mobileEmulationEnabled: false, nativeEvents: true, networkConnectionEnabled: false, pageLoadStrategy: normal, platform: XP, platformName: XP, proxy: Proxy(), rotatable: false, setWindowRect: true, strictFileInteractability: false, takesHeapSnapshot: true, takesScreenshot: true, timeouts: {implicit: 0, pageLoad: 300000, script: 30000}, unexpectedAlertBehaviour: ignore, unhandledPromptBehavior: ignore, version: 73.0.3683.103, webStorageEnabled: true}
Session ID: 6d03a9be763e5270692b985299e95566
*** Element info: {Using=xpath, value=//*[@class=&apos;col-md-8 newpad ng-binding&apos;][contains(text(),&apos;25&apos;)]}
	at java.base/jdk.internal.reflect.NativeConstructorAccessorImpl.newInstance0(Native Method)
	at java.base/jdk.internal.reflect.NativeConstructorAccessorImpl.newInstance(NativeConstructorAccessorImpl.java:62)
	at java.base/jdk.internal.reflect.DelegatingConstructorAccessorImpl.newInstance(DelegatingConstructorAccessorImpl.java:45)
	at java.base/java.lang.reflect.Constructor.newInstance(Constructor.java:490)
	at org.openqa.selenium.remote.ErrorHandler.createThrowable(ErrorHandler.java:214)
	at org.openqa.selenium.remote.ErrorHandler.throwIfResponseFailed(ErrorHandler.java:166)
	at org.openqa.selenium.remote.http.JsonHttpResponseCodec.reconstructValue(JsonHttpResponseCodec.java:40)
	at org.openqa.selenium.remote.http.AbstractHttpResponseCodec.decode(AbstractHttpResponseCodec.java:80)
	at org.openqa.selenium.remote.http.AbstractHttpResponseCodec.decode(AbstractHttpResponseCodec.java:44)
	at org.openqa.selenium.remote.HttpCommandExecutor.execute(HttpCommandExecutor.java:158)
	at org.openqa.selenium.remote.service.DriverCommandExecutor.execute(DriverCommandExecutor.java:83)
	at org.openqa.selenium.remote.RemoteWebDriver.execute(RemoteWebDriver.java:552)
	at org.openqa.selenium.remote.RemoteWebDriver.findElement(RemoteWebDriver.java:323)
	at org.openqa.selenium.remote.RemoteWebDriver.findElementByXPath(RemoteWebDriver.java:428)
	at org.openqa.selenium.By$ByXPath.findElement(By.java:353)
	at org.openqa.selenium.remote.RemoteWebDriver.findElement(RemoteWebDriver.java:315)
	at org.openqa.selenium.support.pagefactory.DefaultElementLocator.findElement(DefaultElementLocator.java:69)
	at org.openqa.selenium.support.pagefactory.internal.LocatingElementHandler.invoke(LocatingElementHandler.java:38)
	at com.sun.proxy.$Proxy14.getText(Unknown Source)
	at com.triveniit.goya.qa.framework.pages.CreateOrderPage.confirmPromoAdded(CreateOrderPage.java:228)
	at com.triveniit.goya.qa.testscripts.CreateOrder.addProgramTypePromoToOrder(CreateOrder.java:135)
	at java.base/jdk.internal.reflect.NativeMethodAccessorImpl.invoke0(Native Method)
	at java.base/jdk.internal.reflect.NativeMethodAccessorImpl.invoke(NativeMethodAccessorImpl.java:62)
	at java.base/jdk.internal.reflect.DelegatingMethodAccessorImpl.invoke(DelegatingMethodAccessorImpl.java:43)
	at java.base/java.lang.reflect.Method.invoke(Method.java:566)
	at org.testng.internal.MethodInvocationHelper.invokeMethod(MethodInvocationHelper.java:124)
	at org.testng.internal.Invoker.invokeMethod(Invoker.java:583)
	at org.testng.internal.Invoker.invokeTestMethod(Invoker.java:719)
	at org.testng.internal.Invoker.invokeTestMethods(Invoker.java:989)
	at org.testng.internal.TestMethodWorker.invokeTestMethods(TestMethodWorker.java:125)
	at org.testng.internal.TestMethodWorker.run(TestMethodWorker.java:109)
	at org.testng.TestRunner.privateRun(TestRunner.java:648)
	at org.testng.TestRunner.run(TestRunner.java:505)
	at org.testng.SuiteRunner.runTest(SuiteRunner.java:455)
	at org.testng.SuiteRunner.runSequentially(SuiteRunner.java:450)
	at org.testng.SuiteRunner.privateRun(SuiteRunner.java:415)
	at org.testng.SuiteRunner.run(SuiteRunner.java:364)
	at org.testng.SuiteRunnerWorker.runSuite(SuiteRunnerWorker.java:52)
	at org.testng.SuiteRunnerWorker.run(SuiteRunnerWorker.java:84)
	at org.testng.TestNG.runSuitesSequentially(TestNG.java:1208)
	at org.testng.TestNG.runSuitesLocally(TestNG.java:1137)
	at org.testng.TestNG.runSuites(TestNG.java:1049)
	at org.testng.TestNG.run(TestNG.java:1017)
	at org.apache.maven.surefire.testng.TestNGExecutor.run(TestNGExecutor.java:283)
	at org.apache.maven.surefire.testng.TestNGXmlTestSuite.execute(TestNGXmlTestSuite.java:75)
	at org.apache.maven.surefire.testng.TestNGProvider.invoke(TestNGProvider.java:120)
	at org.apache.maven.surefire.booter.ForkedBooter.invokeProviderInSameClassLoader(ForkedBooter.java:383)
	at org.apache.maven.surefire.booter.ForkedBooter.runSuitesInProcess(ForkedBooter.java:344)
	at org.apache.maven.surefire.booter.ForkedBooter.execute(ForkedBooter.java:125)
	at org.apache.maven.surefire.booter.ForkedBooter.main(ForkedBooter.java:417)
</pre></div></td>
<td>20</td>
<td>com.triveniit.goya.qa.testscripts.CreateOrder@1fe8d51b</td></tr>
</table><p>
<table width='100%' border='1' class='invocation-passed'>
<tr><td colspan='4' align='center'><b>PASSED TESTS</b></td></tr>
<tr><td><b>Test method</b></td>
<td width="30%"><b>Exception</b></td>
<td width="10%"><b>Time (seconds)</b></td>
<td><b>Instance</b></td>
</tr>
<tr>
<td title='com.triveniit.goya.qa.testscripts.SmartOrderTest.addOneItemToOrder()'><b>addOneItemToOrder</b><br>Test class: com.triveniit.goya.qa.testscripts.SmartOrderTest</td>
<td></td>
<td>4</td>
<td>com.triveniit.goya.qa.testscripts.SmartOrderTest@781e7326</td></tr>
<tr>
<td title='com.triveniit.goya.qa.testscripts.SmartOrderTest.addTwoDifferentItemsDiffQty()'><b>addTwoDifferentItemsDiffQty</b><br>Test class: com.triveniit.goya.qa.testscripts.SmartOrderTest</td>
<td></td>
<td>9</td>
<td>com.triveniit.goya.qa.testscripts.SmartOrderTest@781e7326</td></tr>
<tr>
<td title='com.triveniit.goya.qa.testscripts.CreateOrder.balanceOwedCollect()'><b>balanceOwedCollect</b><br>Test class: com.triveniit.goya.qa.testscripts.CreateOrder</td>
<td></td>
<td>6</td>
<td>com.triveniit.goya.qa.testscripts.CreateOrder@1fe8d51b</td></tr>
<tr>
<td title='com.triveniit.goya.qa.testscripts.HomePageTestNG.checkBrokenLinks()'><b>checkBrokenLinks</b><br>Test class: com.triveniit.goya.qa.testscripts.HomePageTestNG</td>
<td></td>
<td>0</td>
<td>com.triveniit.goya.qa.testscripts.HomePageTestNG@41c07648</td></tr>
<tr>
<td title='com.triveniit.goya.qa.testscripts.SmartOrderTest.deletingItemUsingQtyButton()'><b>deletingItemUsingQtyButton</b><br>Test class: com.triveniit.goya.qa.testscripts.SmartOrderTest</td>
<td></td>
<td>6</td>
<td>com.triveniit.goya.qa.testscripts.SmartOrderTest@781e7326</td></tr>
<tr>
<td title='com.triveniit.goya.qa.testscripts.SmartOrderTest.deletingItemfromCart()'><b>deletingItemfromCart</b><br>Test class: com.triveniit.goya.qa.testscripts.SmartOrderTest</td>
<td></td>
<td>6</td>
<td>com.triveniit.goya.qa.testscripts.SmartOrderTest@781e7326</td></tr>
<tr>
<td title='com.triveniit.goya.qa.testscripts.CreateOrder.noCustomerSelected()'><b>noCustomerSelected</b><br>Test class: com.triveniit.goya.qa.testscripts.CreateOrder</td>
<td></td>
<td>9</td>
<td>com.triveniit.goya.qa.testscripts.CreateOrder@1fe8d51b</td></tr>
<tr>
<td title='com.triveniit.goya.qa.testscripts.HomePageTestNG.smartOrderNotEnabledWithoutCustomer()'><b>smartOrderNotEnabledWithoutCustomer</b><br>Test class: com.triveniit.goya.qa.testscripts.HomePageTestNG</td>
<td></td>
<td>1</td>
<td>com.triveniit.goya.qa.testscripts.HomePageTestNG@41c07648</td></tr>
<tr>
<td title='com.triveniit.goya.qa.testscripts.CreateOrder.userAddsItemToOrder()'><b>userAddsItemToOrder</b><br>Test class: com.triveniit.goya.qa.testscripts.CreateOrder</td>
<td></td>
<td>6</td>
<td>com.triveniit.goya.qa.testscripts.CreateOrder@1fe8d51b</td></tr>
<tr>
<td title='com.triveniit.goya.qa.testscripts.CreateOrder.userAddsItemUsingSearchFeature()'><b>userAddsItemUsingSearchFeature</b><br>Test class: com.triveniit.goya.qa.testscripts.CreateOrder</td>
<td></td>
<td>15</td>
<td>com.triveniit.goya.qa.testscripts.CreateOrder@1fe8d51b</td></tr>
<tr>
<td title='com.triveniit.goya.qa.testscripts.CreateOrder.userEntersInvalidUPCForItem()'><b>userEntersInvalidUPCForItem</b><br>Test class: com.triveniit.goya.qa.testscripts.CreateOrder</td>
<td></td>
<td>6</td>
<td>com.triveniit.goya.qa.testscripts.CreateOrder@1fe8d51b</td></tr>
<tr>
<td title='com.triveniit.goya.qa.testscripts.CreateOrder.userMustAddValidNumberItemCaseQty()'><b>userMustAddValidNumberItemCaseQty</b><br>Test class: com.triveniit.goya.qa.testscripts.CreateOrder</td>
<td></td>
<td>8</td>
<td>com.triveniit.goya.qa.testscripts.CreateOrder@1fe8d51b</td></tr>
<tr>
<td title='com.triveniit.goya.qa.testscripts.CreateOrder.userSubmitsCustomerOrder()'><b>userSubmitsCustomerOrder</b><br>Test class: com.triveniit.goya.qa.testscripts.CreateOrder</td>
<td></td>
<td>8</td>
<td>com.triveniit.goya.qa.testscripts.CreateOrder@1fe8d51b</td></tr>
<tr>
<td title='com.triveniit.goya.qa.testscripts.CreateOrder.verifyCannotSubmitEmptyOrder()'><b>verifyCannotSubmitEmptyOrder</b><br>Test class: com.triveniit.goya.qa.testscripts.CreateOrder</td>
<td></td>
<td>7</td>
<td>com.triveniit.goya.qa.testscripts.CreateOrder@1fe8d51b</td></tr>
<tr>
<td title='com.triveniit.goya.qa.testscripts.SmartOrderTest.verifyCorrectCustomerInfo()'><b>verifyCorrectCustomerInfo</b><br>Test class: com.triveniit.goya.qa.testscripts.SmartOrderTest</td>
<td></td>
<td>0</td>
<td>com.triveniit.goya.qa.testscripts.SmartOrderTest@781e7326</td></tr>
<tr>
<td title='com.triveniit.goya.qa.testscripts.SmartOrderTest.verifyCorrectItemInCart()'><b>verifyCorrectItemInCart</b><br>Test class: com.triveniit.goya.qa.testscripts.SmartOrderTest</td>
<td></td>
<td>1</td>
<td>com.triveniit.goya.qa.testscripts.SmartOrderTest@781e7326</td></tr>
<tr>
<td title='com.triveniit.goya.qa.testscripts.SmartOrderTest.verifyDeliveryChargeAlert()'><b>verifyDeliveryChargeAlert</b><br>Test class: com.triveniit.goya.qa.testscripts.SmartOrderTest</td>
<td></td>
<td>3</td>
<td>com.triveniit.goya.qa.testscripts.SmartOrderTest@781e7326</td></tr>
<tr>
<td title='com.triveniit.goya.qa.testscripts.CreateOrder.verifyDeliveryDayNoDeliveryDayCannotMatch()'><b>verifyDeliveryDayNoDeliveryDayCannotMatch</b><br>Test class: com.triveniit.goya.qa.testscripts.CreateOrder</td>
<td></td>
<td>6</td>
<td>com.triveniit.goya.qa.testscripts.CreateOrder@1fe8d51b</td></tr>
<tr>
<td title='com.triveniit.goya.qa.testscripts.SmartOrderTest.verifyMinusKeyCannotInputNeg()'><b>verifyMinusKeyCannotInputNeg</b><br>Test class: com.triveniit.goya.qa.testscripts.SmartOrderTest</td>
<td></td>
<td>2</td>
<td>com.triveniit.goya.qa.testscripts.SmartOrderTest@781e7326</td></tr>
<tr>
<td title='com.triveniit.goya.qa.testscripts.SmartOrderTest.verifyMinusKeyDisabledAfterDeletingAllItemsFromCart()'><b>verifyMinusKeyDisabledAfterDeletingAllItemsFromCart</b><br>Test class: com.triveniit.goya.qa.testscripts.SmartOrderTest</td>
<td></td>
<td>5</td>
<td>com.triveniit.goya.qa.testscripts.SmartOrderTest@781e7326</td></tr>
<tr>
<td title='com.triveniit.goya.qa.testscripts.SmartOrderTest.verifyMinusKeyDisabledWhenLandingOnSmartOrderPage()'><b>verifyMinusKeyDisabledWhenLandingOnSmartOrderPage</b><br>Test class: com.triveniit.goya.qa.testscripts.SmartOrderTest</td>
<td></td>
<td>1</td>
<td>com.triveniit.goya.qa.testscripts.SmartOrderTest@781e7326</td></tr>
<tr>
<td title='com.triveniit.goya.qa.testscripts.CreateOrder.verifyNoSubmitalWhenAllItemsDeleted()'><b>verifyNoSubmitalWhenAllItemsDeleted</b><br>Test class: com.triveniit.goya.qa.testscripts.CreateOrder</td>
<td></td>
<td>21</td>
<td>com.triveniit.goya.qa.testscripts.CreateOrder@1fe8d51b</td></tr>
<tr>
<td title='com.triveniit.goya.qa.testscripts.SmartOrderTest.verifySubmitOrderButtonDisableWhenCartEmpty()'><b>verifySubmitOrderButtonDisableWhenCartEmpty</b><br>Test class: com.triveniit.goya.qa.testscripts.SmartOrderTest</td>
<td></td>
<td>4</td>
<td>com.triveniit.goya.qa.testscripts.SmartOrderTest@781e7326</td></tr>
<tr>
<td title='com.triveniit.goya.qa.testscripts.SmartOrderTest.verifySubmitOrderButtonDisableWhenLandingOnSOPage()'><b>verifySubmitOrderButtonDisableWhenLandingOnSOPage</b><br>Test class: com.triveniit.goya.qa.testscripts.SmartOrderTest</td>
<td></td>
<td>0</td>
<td>com.triveniit.goya.qa.testscripts.SmartOrderTest@781e7326</td></tr>
<tr>
<td title='com.triveniit.goya.qa.testscripts.SmartOrderTest.verifySwitchCustAlert()'><b>verifySwitchCustAlert</b><br>Test class: com.triveniit.goya.qa.testscripts.SmartOrderTest</td>
<td></td>
<td>1</td>
<td>com.triveniit.goya.qa.testscripts.SmartOrderTest@781e7326</td></tr>
<tr>
<td title='com.triveniit.goya.qa.testscripts.CreateOrder.verifyUnder$200DeliverySurcharge()'><b>verifyUnder$200DeliverySurcharge</b><br>Test class: com.triveniit.goya.qa.testscripts.CreateOrder</td>
<td></td>
<td>5</td>
<td>com.triveniit.goya.qa.testscripts.CreateOrder@1fe8d51b</td></tr>
<tr>
<td title='com.triveniit.goya.qa.testscripts.SmartOrderTest.verifyUserCanSubmitOrder()'><b>verifyUserCanSubmitOrder</b><br>Test class: com.triveniit.goya.qa.testscripts.SmartOrderTest</td>
<td></td>
<td>5</td>
<td>com.triveniit.goya.qa.testscripts.SmartOrderTest@781e7326</td></tr>
</table><p>
</body>
</html>