<?xml version="1.0" encoding="UTF-8"?>
<!-- Generated by org.testng.reporters.JUnitReportReporter -->
<testsuite hostname="DESKTOP-HB18O22" failures="1" tests="15" name="com.triveniit.goya.qa.testscripts.SmartOrderTest" time="342.913" errors="0" timestamp="01 May 2019 18:47:20 GMT" skipped="0">
  <testcase classname="com.triveniit.goya.qa.testscripts.SmartOrderTest" name="verifySwitchCustAlert" time="18.171"/>
  <testcase classname="com.triveniit.goya.qa.testscripts.SmartOrderTest" name="addTwoDifferentItemsDiffQty" time="28.013"/>
  <testcase classname="com.triveniit.goya.qa.testscripts.SmartOrderTest" name="verifyMinusKeyDisabledWhenLandingOnSmartOrderPage" time="21.284"/>
  <testcase classname="com.triveniit.goya.qa.testscripts.SmartOrderTest" name="addOneItemToOrder" time="22.522"/>
  <testcase classname="com.triveniit.goya.qa.testscripts.SmartOrderTest" name="verifyMinusKeyCannotInputNeg" time="22.569"/>
  <testcase classname="com.triveniit.goya.qa.testscripts.SmartOrderTest" name="verifySubmitOrderButtonDisableWhenLandingOnSOPage" time="18.487"/>
  <testcase classname="com.triveniit.goya.qa.testscripts.SmartOrderTest" name="verifyCorrectCustomerInfo" time="17.456"/>
  <testcase classname="com.triveniit.goya.qa.testscripts.SmartOrderTest" name="deletingItemUsingQtyButton" time="27.928"/>
  <testcase classname="com.triveniit.goya.qa.testscripts.SmartOrderTest" name="verifyDeliveryChargeAlert" time="21.787"/>
  <testcase classname="com.triveniit.goya.qa.testscripts.SmartOrderTest" name="deletingItemfromCart" time="27.288"/>
  <testcase classname="com.triveniit.goya.qa.testscripts.SmartOrderTest" name="verifyCorrectItemInCart" time="19.587"/>
  <testcase classname="com.triveniit.goya.qa.testscripts.SmartOrderTest" name="verifyUserCanSubmitOrder" time="24.923"/>
  <testcase classname="com.triveniit.goya.qa.testscripts.SmartOrderTest" name="verifyMinusKeyDisabledAfterDeletingAllItemsFromCart" time="25.675"/>
  <testcase classname="com.triveniit.goya.qa.testscripts.SmartOrderTest" name="addItemByTextQty" time="25.436">
    <failure message="
Expected: a string containing &quot;10&quot;
     but: was &quot;Case Total: 19&quot;" type="java.lang.AssertionError">
      <![CDATA[java.lang.AssertionError: 
Expected: a string containing "10"
     but: was "Case Total: 19"
at org.hamcrest.MatcherAssert.assertThat(MatcherAssert.java:20)
at org.hamcrest.MatcherAssert.assertThat(MatcherAssert.java:8)
at com.triveniit.goya.qa.framework.pages.SmartOrderPage.verifyCaseTotal(SmartOrderPage.java:138)
at com.triveniit.goya.qa.testscripts.SmartOrderTest.addItemByTextQty(SmartOrderTest.java:56)
at java.base/jdk.internal.reflect.NativeMethodAccessorImpl.invoke0(Native Method)
at java.base/jdk.internal.reflect.NativeMethodAccessorImpl.invoke(NativeMethodAccessorImpl.java:62)
at java.base/jdk.internal.reflect.DelegatingMethodAccessorImpl.invoke(DelegatingMethodAccessorImpl.java:43)
at java.base/java.lang.reflect.Method.invoke(Method.java:566)
at org.testng.internal.MethodInvocationHelper.invokeMethod(MethodInvocationHelper.java:124)
at org.testng.internal.Invoker.invokeMethod(Invoker.java:583)
at org.testng.internal.Invoker.invokeTestMethod(Invoker.java:719)
at org.testng.internal.Invoker.invokeTestMethods(Invoker.java:989)
at org.testng.internal.TestMethodWorker.invokeTestMethods(TestMethodWorker.java:125)
at org.testng.internal.TestMethodWorker.run(TestMethodWorker.java:109)
at org.testng.TestRunner.privateRun(TestRunner.java:648)
at org.testng.TestRunner.run(TestRunner.java:505)
at org.testng.SuiteRunner.runTest(SuiteRunner.java:455)
at org.testng.SuiteRunner.runSequentially(SuiteRunner.java:450)
at org.testng.SuiteRunner.privateRun(SuiteRunner.java:415)
at org.testng.SuiteRunner.run(SuiteRunner.java:364)
at org.testng.SuiteRunnerWorker.runSuite(SuiteRunnerWorker.java:52)
at org.testng.SuiteRunnerWorker.run(SuiteRunnerWorker.java:84)
at org.testng.TestNG.runSuitesSequentially(TestNG.java:1208)
at org.testng.TestNG.runSuitesLocally(TestNG.java:1137)
at org.testng.TestNG.runSuites(TestNG.java:1049)
at org.testng.TestNG.run(TestNG.java:1017)
at org.apache.maven.surefire.testng.TestNGExecutor.run(TestNGExecutor.java:283)
at org.apache.maven.surefire.testng.TestNGXmlTestSuite.execute(TestNGXmlTestSuite.java:75)
at org.apache.maven.surefire.testng.TestNGProvider.invoke(TestNGProvider.java:120)
at org.apache.maven.surefire.booter.ForkedBooter.invokeProviderInSameClassLoader(ForkedBooter.java:383)
at org.apache.maven.surefire.booter.ForkedBooter.runSuitesInProcess(ForkedBooter.java:344)
at org.apache.maven.surefire.booter.ForkedBooter.execute(ForkedBooter.java:125)
at org.apache.maven.surefire.booter.ForkedBooter.main(ForkedBooter.java:417)
]]>
    </failure>
  </testcase> <!-- addItemByTextQty -->
  <testcase classname="com.triveniit.goya.qa.testscripts.SmartOrderTest" name="verifySubmitOrderButtonDisableWhenCartEmpty" time="21.787"/>
</testsuite> <!-- com.triveniit.goya.qa.testscripts.SmartOrderTest -->
